Detecting C [-std=c11] compiler features failed to compile with the following output:
Change Dir: /Users/eason/Documents/OSU/2017_Fall_Term/CS550/Project_2/Project#2/cmake-build-debug/CMakeFiles/CMakeTmp

Run Build Command:"/usr/bin/make" "cmTC_5bd9c/fast"
/Library/Developer/CommandLineTools/usr/bin/make -f CMakeFiles/cmTC_5bd9c.dir/build.make CMakeFiles/cmTC_5bd9c.dir/build
make[1]: *** No rule to make target `/Users/eason/Documents/OSU/2017_Fall_Term/CS550/Project_2/Project', needed by `CMakeFiles/cmTC_5bd9c.dir/feature_tests.c.o'.  Stop.
make: *** [cmTC_5bd9c/fast] Error 2



Detecting CXX [-std=c++1z] compiler features failed to compile with the following output:
Change Dir: /Users/eason/Documents/OSU/2017_Fall_Term/CS550/Project_2/Project#2/cmake-build-debug/CMakeFiles/CMakeTmp

Run Build Command:"/usr/bin/make" "cmTC_0afb9/fast"
/Library/Developer/CommandLineTools/usr/bin/make -f CMakeFiles/cmTC_0afb9.dir/build.make CMakeFiles/cmTC_0afb9.dir/build
make[1]: *** No rule to make target `/Users/eason/Documents/OSU/2017_Fall_Term/CS550/Project_2/Project', needed by `CMakeFiles/cmTC_0afb9.dir/feature_tests.cxx.o'.  Stop.
make: *** [cmTC_0afb9/fast] Error 2



