Detecting C [-std=c11] compiler features failed to compile with the following output:
Change Dir: /Users/eason/Documents/OSU/2017_Fall_Term/CS550/Project_1/Project#1/cmake-build-debug/CMakeFiles/CMakeTmp

Run Build Command:"/usr/bin/make" "cmTC_c318a/fast"
/Library/Developer/CommandLineTools/usr/bin/make -f CMakeFiles/cmTC_c318a.dir/build.make CMakeFiles/cmTC_c318a.dir/build
make[1]: *** No rule to make target `/Users/eason/Documents/OSU/2017_Fall_Term/CS550/Project_1/Project', needed by `CMakeFiles/cmTC_c318a.dir/feature_tests.c.o'.  Stop.
make: *** [cmTC_c318a/fast] Error 2



Detecting CXX [-std=c++1z] compiler features failed to compile with the following output:
Change Dir: /Users/eason/Documents/OSU/2017_Fall_Term/CS550/Project_1/Project#1/cmake-build-debug/CMakeFiles/CMakeTmp

Run Build Command:"/usr/bin/make" "cmTC_d1013/fast"
/Library/Developer/CommandLineTools/usr/bin/make -f CMakeFiles/cmTC_d1013.dir/build.make CMakeFiles/cmTC_d1013.dir/build
make[1]: *** No rule to make target `/Users/eason/Documents/OSU/2017_Fall_Term/CS550/Project_1/Project', needed by `CMakeFiles/cmTC_d1013.dir/feature_tests.cxx.o'.  Stop.
make: *** [cmTC_d1013/fast] Error 2



