Detecting C [-std=c11] compiler features failed to compile with the following output:
Change Dir: /Users/eason/Documents/OSU/2017_Fall_Term/CS550/Project_4/Project#4/cmake-build-debug/CMakeFiles/CMakeTmp

Run Build Command:"/usr/bin/make" "cmTC_e8e5f/fast"
/Library/Developer/CommandLineTools/usr/bin/make -f CMakeFiles/cmTC_e8e5f.dir/build.make CMakeFiles/cmTC_e8e5f.dir/build
make[1]: *** No rule to make target `/Users/eason/Documents/OSU/2017_Fall_Term/CS550/Project_4/Project', needed by `CMakeFiles/cmTC_e8e5f.dir/feature_tests.c.o'.  Stop.
make: *** [cmTC_e8e5f/fast] Error 2



Detecting CXX [-std=c++1z] compiler features failed to compile with the following output:
Change Dir: /Users/eason/Documents/OSU/2017_Fall_Term/CS550/Project_4/Project#4/cmake-build-debug/CMakeFiles/CMakeTmp

Run Build Command:"/usr/bin/make" "cmTC_6d7f2/fast"
/Library/Developer/CommandLineTools/usr/bin/make -f CMakeFiles/cmTC_6d7f2.dir/build.make CMakeFiles/cmTC_6d7f2.dir/build
make[1]: *** No rule to make target `/Users/eason/Documents/OSU/2017_Fall_Term/CS550/Project_4/Project', needed by `CMakeFiles/cmTC_6d7f2.dir/feature_tests.cxx.o'.  Stop.
make: *** [cmTC_6d7f2/fast] Error 2



